[18:54:12] [main/WARN]: Ambiguity between arguments [teleport, destination] and [teleport, targets] with inputs: [Player, 0123, @e, dd12be42-52a9-4a91-a8a1-11c01849e498]
[18:54:12] [main/WARN]: Ambiguity between arguments [teleport, location] and [teleport, destination] with inputs: [0.1 -0.5 .9, 0 0 0]
[18:54:12] [main/WARN]: Ambiguity between arguments [teleport, location] and [teleport, targets] with inputs: [0.1 -0.5 .9, 0 0 0]
[18:54:12] [main/WARN]: Ambiguity between arguments [teleport, targets] and [teleport, destination] with inputs: [Player, 0123, dd12be42-52a9-4a91-a8a1-11c01849e498]
[18:54:12] [main/WARN]: Ambiguity between arguments [teleport, targets, location] and [teleport, targets, destination] with inputs: [0.1 -0.5 .9, 0 0 0]
[18:54:12] [Server thread/INFO]: Starting minecraft server version 1.15.2
[18:54:12] [Server thread/INFO]: Loading properties
[18:54:12] [Server thread/INFO]: Default game type: SURVIVAL
[18:54:12] [Server thread/INFO]: Generating keypair
[18:54:12] [Server thread/INFO]: Starting Minecraft server on *:25565
[18:54:12] [Server thread/INFO]: Using default channel type
[18:54:15] [Server thread/INFO]: Preparing level "world"
[18:54:15] [Server thread/INFO]: Reloading ResourceManager: Default
[18:54:16] [Server thread/INFO]: Loaded 6 recipes
[18:54:16] [Server thread/INFO]: Loaded 825 advancements
[18:54:17] [Server thread/INFO]: Preparing start region for dimension minecraft:overworld
[18:54:18] [Server thread/INFO]: Preparing spawn area: 0%
[18:54:18] [Server thread/INFO]: Preparing spawn area: 0%
[18:54:18] [Server thread/INFO]: Preparing spawn area: 0%
[18:54:20] [Server-Worker-2/INFO]: Preparing spawn area: 0%
[18:54:20] [Server-Worker-3/INFO]: Preparing spawn area: 0%
[18:54:20] [Server-Worker-2/INFO]: Preparing spawn area: 0%
[18:54:20] [Server-Worker-3/INFO]: Preparing spawn area: 0%
[18:54:20] [Server thread/INFO]: Time elapsed: 3610 ms
[18:54:20] [Server thread/INFO]: Done (5.112s)! For help, type "help"
[19:18:02] [User Authenticator #1/INFO]: UUID of player Starfy100 is d8b82d92-fbdd-4577-8998-6792eda7c9d0
[19:18:02] [Server thread/INFO]: Starfy100[/98.232.163.239:59714] logged in with entity id 219 at (-201.66311344150898, 52.200000047683716, 476.35280094577854)
[19:18:02] [Server thread/INFO]: Starfy100 joined the game
[20:10:17] [Server thread/INFO]: There are 1 of a max 69 players online: Starfy100
[20:12:36] [Server thread/INFO]: Starfy100 lost connection: Disconnected
[20:12:36] [Server thread/INFO]: Starfy100 left the game
[20:13:45] [Server thread/INFO]: Stopping the server
[20:13:45] [Server thread/INFO]: Stopping server
[20:13:45] [Server thread/INFO]: Saving players
[20:13:45] [Server thread/INFO]: Saving worlds
[20:13:45] [Server thread/INFO]: Saving chunks for level 'world'/minecraft:overworld
[20:13:46] [Server thread/INFO]: ThreadedAnvilChunkStorage (world): All chunks are saved
[20:13:46] [Server thread/INFO]: Saving chunks for level 'world'/minecraft:the_nether
[20:13:46] [Server thread/INFO]: ThreadedAnvilChunkStorage (DIM-1): All chunks are saved
[20:13:46] [Server thread/INFO]: Saving chunks for level 'world'/minecraft:the_end
[20:13:46] [Server thread/INFO]: ThreadedAnvilChunkStorage (DIM1): All chunks are saved
[20:13:46] [Server thread/INFO]: ThreadedAnvilChunkStorage (world): All chunks are saved
[20:13:46] [Server thread/INFO]: ThreadedAnvilChunkStorage (DIM-1): All chunks are saved
[20:13:46] [Server thread/INFO]: ThreadedAnvilChunkStorage (DIM1): All chunks are saved
